
ROM used:   706 (2%)
            706 (2%) including unused fragments

            1 Average locations per line
            6 Average locations per statement

RAM used:   4 (0%) at main() level
            17 (1%) worst case

Stack used: 7/31 worst case (7 in main + 0 for interrupts)

Lines Stmts  %   Files
----- ----- ---  -----
   40    16  14  main.c
   14     0   0  main.h
  467     0   0  ..\..\..\..\Program Files\PICC\devices\18F4520.h
  456   100  86  ..\..\..\..\Program Files\PICC\drivers\lcd.c
----- -----
  977   116 Total

Page ROM  %  RAM   Vol Diff  Functions:
---- --- --- ---   --- ----  ----------
0     40   3   1             @delay_ms1
0     20   1   0    27  1.0  @const73
0     76   5   3   760  4.5  lcd_read_byte
0     82   6   2   262  3.7  lcd_read_nibble
0     66   5   1   399  2.4  lcd_send_nibble
0     70   5   3   415  3.7  lcd_send_byte
0    100   7   2   704  5.0  lcd_init
0     34   2   4   208  6.3  lcd_gotoxy
0     82   6   1   354  4.7  lcd_putc
0     36   3   0    74  1.6  MAIN
0     54   4   1   188  2.5  hutbui
0      8   1   0             @const108
0     32   2   2             @PSTRINGC_92
0      2   0   0             @const110
 Inline        0             @cinit1

Program metrics:
    Functions               10
    Statements              116
    Comments                206
    Volume (V)              5309
    Difficulty (D)          35.3
    Effort to implement (E) 187411
    Time to implement (T)   2 hours, 54 minutes
    Est Delivered Bugs (B)  1
    Cyclomatic Complexity   9
    Maintainability (MI)    132

 Segment     Used  Free
-----------  ----  ----
00000-00002     4  0  
00004-07FFE   702  32062  



