CCS PCH C Compiler, Version 4.140, 28366               13-Apr-15 23:30

               Filename:   C:\Users\quan\Desktop\code_ hut bui\main.lst

               ROM used:   706 bytes (2%)
                           Largest free fragment is 32062
               RAM used:   4 (0%) at main() level
                           17 (1%) worst case
               Stack:     7 locations

*
0000:  GOTO   029E
.................... #include <main.h> 
.................... #include <18F4520.h> 
.................... //////// Standard Header file for the PIC18F4520 device //////////////// 
.................... #device PIC18F4520 
.................... #list 
....................  
.................... #device adc=16 
....................  
.................... #FUSES NOWDT                    //No Watch Dog Timer 
.................... #FUSES WDT128                   //Watch Dog Timer uses 1:128 Postscale 
.................... #FUSES HS                       //High speed Osc (> 4mhz for PCM/PCH) (>10mhz for PCD) 
.................... #FUSES NOBROWNOUT               //No brownout reset 
.................... #FUSES NOLVP                    //No low voltage prgming, B3(PIC16) or B5(PIC18) used for I/O 
.................... #FUSES NOXINST                  //Extended set extension and Indexed Addressing mode disabled (Legacy mode) 
....................  
.................... #use delay(clock=12000000) 
*
0022:  CLRF   FEA
0024:  MOVLW  08
0026:  MOVWF  FE9
0028:  MOVF   FEF,W
002A:  BZ    0048
002C:  MOVLW  03
002E:  MOVWF  01
0030:  CLRF   00
0032:  DECFSZ 00,F
0034:  BRA    0032
0036:  DECFSZ 01,F
0038:  BRA    0030
003A:  MOVLW  E3
003C:  MOVWF  00
003E:  DECFSZ 00,F
0040:  BRA    003E
0042:  NOP   
0044:  DECFSZ FEF,F
0046:  BRA    002C
0048:  RETURN 0
....................  
....................  
....................  
.................... #define LCD_ENABLE_PIN  PIN_C0                                     
.................... #define LCD_RS_PIN      PIN_C3                                    
.................... #define LCD_RW_PIN      PIN_C1                                     
.................... #define LCD_DATA4       PIN_C4                                     
.................... #define LCD_DATA5       PIN_C5                                     
.................... #define LCD_DATA6       PIN_C6                                     
.................... #define LCD_DATA7       PIN_C7   
.................... #include <lcd.c>    
.................... /////////////////////////////////////////////////////////////////////////////// 
.................... ////                             LCD.C                                     //// 
.................... ////                 Driver for common LCD modules                         //// 
.................... ////                                                                       //// 
.................... ////  lcd_init()   Must be called before any other function.               //// 
.................... ////                                                                       //// 
.................... ////  lcd_putc(c)  Will display c on the next position of the LCD.         //// 
.................... ////                 \a  Set cursor position to upper left                 //// 
.................... ////                 \f  Clear display, set cursor to upper left           //// 
.................... ////                 \n  Go to start of second line                        //// 
.................... ////                 \b  Move back one position                            //// 
.................... ////              If LCD_EXTENDED_NEWLINE is defined, the \n character     //// 
.................... ////              will erase all remanining characters on the current      //// 
.................... ////              line, and move the cursor to the beginning of the next   //// 
.................... ////              line.                                                    //// 
.................... ////              If LCD_EXTENDED_NEWLINE is defined, the \r character     //// 
.................... ////              will move the cursor to the start of the current         //// 
.................... ////              line.                                                    //// 
.................... ////                                                                       //// 
.................... ////  lcd_gotoxy(x,y) Set write position on LCD (upper left is 1,1)        //// 
.................... ////                                                                       //// 
.................... ////  lcd_getc(x,y)   Returns character at position x,y on LCD             //// 
.................... ////                                                                       //// 
.................... ////  lcd_cursor_on(int1 on)   Turn the cursor on (on=TRUE) or off         //// 
.................... ////              (on=FALSE).                                              //// 
.................... ////                                                                       //// 
.................... ////  lcd_set_cgram_char(w, *p)   Write a custom character to the CGRAM.   //// 
.................... ////                                                                       //// 
.................... ////                                                                       //// 
.................... ////  CONFIGURATION                                                        //// 
.................... ////  The LCD can be configured in one of two ways: a.) port access or     //// 
.................... ////  b.) pin access.  Port access requires the entire 7 bit interface     //// 
.................... ////  connected to one GPIO port, and the data bits (D4:D7 of the LCD)     //// 
.................... ////  connected to sequential pins on the GPIO.  Pin access                //// 
.................... ////  has no requirements, all 7 bits of the control interface can         //// 
.................... ////  can be connected to any GPIO using several ports.                    //// 
.................... ////                                                                       //// 
.................... ////  To use port access, #define LCD_DATA_PORT to the SFR location of     //// 
.................... ////  of the GPIO port that holds the interface, -AND- edit LCD_PIN_MAP    //// 
.................... ////  of this file to configure the pin order.  If you are using a         //// 
.................... ////  baseline PIC (PCB), then LCD_OUTPUT_MAP and LCD_INPUT_MAP also must  //// 
.................... ////  be defined.                                                          //// 
.................... ////                                                                       //// 
.................... ////  Example of port access:                                              //// 
.................... ////     #define LCD_DATA_PORT getenv("SFR:PORTD")                         //// 
.................... ////                                                                       //// 
.................... ////  To use pin access, the following pins must be defined:               //// 
.................... ////     LCD_ENABLE_PIN                                                    //// 
.................... ////     LCD_RS_PIN                                                        //// 
.................... ////     LCD_RW_PIN                                                        //// 
.................... ////     LCD_DATA4                                                         //// 
.................... ////     LCD_DATA5                                                         //// 
.................... ////     LCD_DATA6                                                         //// 
.................... ////     LCD_DATA7                                                         //// 
.................... ////                                                                       //// 
.................... ////  Example of pin access:                                               //// 
.................... ////     #define LCD_ENABLE_PIN  PIN_E0                                    //// 
.................... ////     #define LCD_RS_PIN      PIN_E1                                    //// 
.................... ////     #define LCD_RW_PIN      PIN_E2                                    //// 
.................... ////     #define LCD_DATA4       PIN_D4                                    //// 
.................... ////     #define LCD_DATA5       PIN_D5                                    //// 
.................... ////     #define LCD_DATA6       PIN_D6                                    //// 
.................... ////     #define LCD_DATA7       PIN_D7                                    //// 
.................... ////                                                                       //// 
.................... /////////////////////////////////////////////////////////////////////////////// 
.................... ////        (C) Copyright 1996,2010 Custom Computer Services           //// 
.................... //// This source code may only be used by licensed users of the CCS C  //// 
.................... //// compiler.  This source code may only be distributed to other      //// 
.................... //// licensed users of the CCS C compiler.  No other use, reproduction //// 
.................... //// or distribution is permitted without written permission.          //// 
.................... //// Derivative programs created using this software in object code    //// 
.................... //// form are not restricted in any way.                               //// 
.................... /////////////////////////////////////////////////////////////////////////// 
....................  
.................... #ifndef __LCD_C__ 
.................... #define __LCD_C__ 
....................  
.................... // define the pinout. 
.................... // only required if port access is being used. 
.................... typedef struct   
.................... {                            // This structure is overlayed 
....................    int1 enable;           // on to an I/O port to gain 
....................    int1 rs;               // access to the LCD pins. 
....................    int1 rw;               // The bits are allocated from 
....................    int1 unused;           // low order up.  ENABLE will 
....................    unsigned int     data : 4;         // be LSB pin of that port. 
....................   #if defined(__PCD__)       // The port used will be LCD_DATA_PORT. 
....................    unsigned int    reserved: 8; 
....................   #endif 
.................... } LCD_PIN_MAP; 
....................  
.................... // this is to improve compatability with previous LCD drivers that accepted 
.................... // a define labeled 'use_portb_lcd' that configured the LCD onto port B. 
.................... #if ((defined(use_portb_lcd)) && (use_portb_lcd==TRUE)) 
....................  #define LCD_DATA_PORT getenv("SFR:PORTB") 
.................... #endif 
....................  
.................... #if defined(__PCB__) 
....................    // these definitions only need to be modified for baseline PICs. 
....................    // all other PICs use LCD_PIN_MAP or individual LCD_xxx pin definitions. 
.................... /*                                    EN, RS,   RW,   UNUSED,  DATA  */ 
....................  const LCD_PIN_MAP LCD_OUTPUT_MAP =  {0,  0,    0,    0,       0}; 
....................  const LCD_PIN_MAP LCD_INPUT_MAP =   {0,  0,    0,    0,       0xF}; 
.................... #endif 
....................  
.................... ////////////////////// END CONFIGURATION /////////////////////////////////// 
....................  
.................... #ifndef LCD_ENABLE_PIN 
....................    #define lcd_output_enable(x) lcdlat.enable=x 
....................    #define lcd_enable_tris()   lcdtris.enable=0 
.................... #else 
....................    #define lcd_output_enable(x) output_bit(LCD_ENABLE_PIN, x) 
....................    #define lcd_enable_tris()  output_drive(LCD_ENABLE_PIN) 
.................... #endif 
....................  
.................... #ifndef LCD_RS_PIN 
....................    #define lcd_output_rs(x) lcdlat.rs=x 
....................    #define lcd_rs_tris()   lcdtris.rs=0 
.................... #else 
....................    #define lcd_output_rs(x) output_bit(LCD_RS_PIN, x) 
....................    #define lcd_rs_tris()  output_drive(LCD_RS_PIN) 
.................... #endif 
....................  
.................... #ifndef LCD_RW_PIN 
....................    #define lcd_output_rw(x) lcdlat.rw=x 
....................    #define lcd_rw_tris()   lcdtris.rw=0 
.................... #else 
....................    #define lcd_output_rw(x) output_bit(LCD_RW_PIN, x) 
....................    #define lcd_rw_tris()  output_drive(LCD_RW_PIN) 
.................... #endif 
....................  
.................... // original version of this library incorrectly labeled LCD_DATA0 as LCD_DATA4, 
.................... // LCD_DATA1 as LCD_DATA5, and so on.  this block of code makes the driver 
.................... // compatible with any code written for the original library 
.................... #if (defined(LCD_DATA0) && defined(LCD_DATA1) && defined(LCD_DATA2) && defined(LCD_DATA3) && !defined(LCD_DATA4) && !defined(LCD_DATA5) && !defined(LCD_DATA6) && !defined(LCD_DATA7)) 
....................    #define  LCD_DATA4    LCD_DATA0 
....................    #define  LCD_DATA5    LCD_DATA1 
....................    #define  LCD_DATA6    LCD_DATA2 
....................    #define  LCD_DATA7    LCD_DATA3 
.................... #endif 
....................  
.................... #ifndef LCD_DATA4 
.................... #ifndef LCD_DATA_PORT 
....................    #if defined(__PCB__) 
....................       #define LCD_DATA_PORT      0x06     //portb 
....................       #define set_tris_lcd(x)   set_tris_b(x) 
....................    #else 
....................      #if defined(PIN_D0) 
....................       #define LCD_DATA_PORT      getenv("SFR:PORTD")     //portd 
....................      #else 
....................       #define LCD_DATA_PORT      getenv("SFR:PORTB")     //portb 
....................      #endif 
....................    #endif    
.................... #endif 
....................  
.................... #if defined(__PCB__) 
....................    LCD_PIN_MAP lcd, lcdlat; 
....................    #byte lcd = LCD_DATA_PORT 
....................    #byte lcdlat = LCD_DATA_PORT 
.................... #elif defined(__PCM__) 
....................    LCD_PIN_MAP lcd, lcdlat, lcdtris; 
....................    #byte lcd = LCD_DATA_PORT 
....................    #byte lcdlat = LCD_DATA_PORT 
....................    #byte lcdtris = LCD_DATA_PORT+0x80 
.................... #elif defined(__PCH__) 
....................    LCD_PIN_MAP lcd, lcdlat, lcdtris; 
....................    #byte lcd = LCD_DATA_PORT 
....................    #byte lcdlat = LCD_DATA_PORT+9 
....................    #byte lcdtris = LCD_DATA_PORT+0x12 
.................... #elif defined(__PCD__) 
....................    LCD_PIN_MAP lcd, lcdlat, lcdtris; 
....................    #word lcd = LCD_DATA_PORT 
....................    #word lcdlat = LCD_DATA_PORT+2 
....................    #word lcdtris = LCD_DATA_PORT-0x02 
.................... #endif 
.................... #endif   //LCD_DATA4 not defined 
....................  
.................... #ifndef LCD_TYPE 
....................    #define LCD_TYPE 2           // 0=5x7, 1=5x10, 2=2 lines 
.................... #endif 
....................  
.................... #ifndef LCD_LINE_TWO 
....................    #define LCD_LINE_TWO 0x40    // LCD RAM address for the second line 
.................... #endif 
....................  
.................... #ifndef LCD_LINE_LENGTH 
....................    #define LCD_LINE_LENGTH 20 
.................... #endif 
....................  
.................... unsigned int8 const LCD_INIT_STRING[4] = {0x20 | (LCD_TYPE << 2), 0xc, 1, 6}; 
....................                              // These bytes need to be sent to the LCD 
....................                              // to start it up. 
....................  
.................... unsigned int8 lcd_read_nibble(void); 
....................  
.................... unsigned int8 lcd_read_byte(void) 
.................... { 
....................    unsigned int8 low,high; 
....................  
....................  #if defined(__PCB__) 
....................    set_tris_lcd(LCD_INPUT_MAP); 
....................  #else 
....................   #if (defined(LCD_DATA4) && defined(LCD_DATA5) && defined(LCD_DATA6) && defined(LCD_DATA7)) 
....................    output_float(LCD_DATA4); 
*
00DE:  BSF    F94.4
....................    output_float(LCD_DATA5); 
00E0:  BSF    F94.5
....................    output_float(LCD_DATA6); 
00E2:  BSF    F94.6
....................    output_float(LCD_DATA7); 
00E4:  BSF    F94.7
....................   #else 
....................    lcdtris.data = 0xF; 
....................   #endif 
....................  #endif 
....................          
....................    lcd_output_rw(1); 
00E6:  BSF    F8B.1
00E8:  BCF    F94.1
....................    delay_cycles(1); 
00EA:  NOP   
....................    lcd_output_enable(1); 
00EC:  BSF    F8B.0
00EE:  BCF    F94.0
....................    delay_cycles(1); 
00F0:  NOP   
....................    high = lcd_read_nibble(); 
00F2:  RCALL  008C
00F4:  MOVFF  01,0F
....................        
....................    lcd_output_enable(0); 
00F8:  BCF    F8B.0
00FA:  BCF    F94.0
....................    delay_cycles(1); 
00FC:  NOP   
....................    lcd_output_enable(1); 
00FE:  BSF    F8B.0
0100:  BCF    F94.0
....................    delay_us(1); 
0102:  BRA    0104
0104:  NOP   
....................    low = lcd_read_nibble(); 
0106:  RCALL  008C
0108:  MOVFF  01,0E
....................        
....................    lcd_output_enable(0); 
010C:  BCF    F8B.0
010E:  BCF    F94.0
....................  
....................  #if defined(__PCB__) 
....................    set_tris_lcd(LCD_OUTPUT_MAP); 
....................  #else 
....................   #if (defined(LCD_DATA4) && defined(LCD_DATA5) && defined(LCD_DATA6) && defined(LCD_DATA7)) 
....................    output_drive(LCD_DATA4); 
0110:  BCF    F94.4
....................    output_drive(LCD_DATA5); 
0112:  BCF    F94.5
....................    output_drive(LCD_DATA6); 
0114:  BCF    F94.6
....................    output_drive(LCD_DATA7); 
0116:  BCF    F94.7
....................   #else 
....................    lcdtris.data = 0x0; 
....................   #endif 
....................  #endif 
....................  
....................    return( (high<<4) | low); 
0118:  SWAPF  0F,W
011A:  MOVWF  00
011C:  MOVLW  F0
011E:  ANDWF  00,F
0120:  MOVF   00,W
0122:  IORWF  0E,W
0124:  MOVWF  01
.................... } 
0126:  GOTO   0136 (RETURN)
....................  
.................... unsigned int8 lcd_read_nibble(void) 
.................... { 
....................   #if (defined(LCD_DATA4) && defined(LCD_DATA5) && defined(LCD_DATA6) && defined(LCD_DATA7)) 
*
008C:  CLRF   10
....................    unsigned int8 n = 0x00; 
....................  
....................    /* Read the data port */ 
....................    n |= input(LCD_DATA4); 
008E:  BSF    F94.4
0090:  MOVLW  00
0092:  BTFSC  F82.4
0094:  MOVLW  01
0096:  IORWF  10,F
....................    n |= input(LCD_DATA5) << 1; 
0098:  BSF    F94.5
009A:  MOVLW  00
009C:  BTFSC  F82.5
009E:  MOVLW  01
00A0:  MOVWF  00
00A2:  BCF    FD8.0
00A4:  RLCF   00,F
00A6:  MOVF   00,W
00A8:  IORWF  10,F
....................    n |= input(LCD_DATA6) << 2; 
00AA:  BSF    F94.6
00AC:  MOVLW  00
00AE:  BTFSC  F82.6
00B0:  MOVLW  01
00B2:  MOVWF  00
00B4:  RLCF   00,F
00B6:  RLCF   00,F
00B8:  MOVLW  FC
00BA:  ANDWF  00,F
00BC:  MOVF   00,W
00BE:  IORWF  10,F
....................    n |= input(LCD_DATA7) << 3; 
00C0:  BSF    F94.7
00C2:  MOVLW  00
00C4:  BTFSC  F82.7
00C6:  MOVLW  01
00C8:  MOVWF  00
00CA:  RLCF   00,F
00CC:  RLCF   00,F
00CE:  RLCF   00,F
00D0:  MOVLW  F8
00D2:  ANDWF  00,F
00D4:  MOVF   00,W
00D6:  IORWF  10,F
....................     
....................    return(n); 
00D8:  MOVFF  10,01
....................   #else 
....................    return(lcd.data); 
....................   #endif 
.................... } 
00DC:  RETURN 0
....................  
.................... void lcd_send_nibble(unsigned int8 n) 
.................... { 
....................   #if (defined(LCD_DATA4) && defined(LCD_DATA5) && defined(LCD_DATA6) && defined(LCD_DATA7)) 
....................    /* Write to the data port */ 
....................    output_bit(LCD_DATA4, bit_test(n, 0)); 
*
004A:  BTFSC  0F.0
004C:  BRA    0052
004E:  BCF    F8B.4
0050:  BRA    0054
0052:  BSF    F8B.4
0054:  BCF    F94.4
....................    output_bit(LCD_DATA5, bit_test(n, 1)); 
0056:  BTFSC  0F.1
0058:  BRA    005E
005A:  BCF    F8B.5
005C:  BRA    0060
005E:  BSF    F8B.5
0060:  BCF    F94.5
....................    output_bit(LCD_DATA6, bit_test(n, 2)); 
0062:  BTFSC  0F.2
0064:  BRA    006A
0066:  BCF    F8B.6
0068:  BRA    006C
006A:  BSF    F8B.6
006C:  BCF    F94.6
....................    output_bit(LCD_DATA7, bit_test(n, 3)); 
006E:  BTFSC  0F.3
0070:  BRA    0076
0072:  BCF    F8B.7
0074:  BRA    0078
0076:  BSF    F8B.7
0078:  BCF    F94.7
....................   #else       
....................    lcdlat.data = n; 
....................   #endif 
....................        
....................    delay_cycles(1); 
007A:  NOP   
....................    lcd_output_enable(1); 
007C:  BSF    F8B.0
007E:  BCF    F94.0
....................    delay_us(2); 
0080:  BRA    0082
0082:  BRA    0084
0084:  BRA    0086
....................    lcd_output_enable(0); 
0086:  BCF    F8B.0
0088:  BCF    F94.0
.................... } 
008A:  RETURN 0
....................  
.................... void lcd_send_byte(unsigned int8 address, unsigned int8 n) 
.................... { 
....................   #if defined(__PCB__) 
....................    set_tris_lcd(LCD_OUTPUT_MAP); 
....................   #else 
....................    lcd_enable_tris(); 
*
012A:  BCF    F94.0
....................    lcd_rs_tris(); 
012C:  BCF    F94.3
....................    lcd_rw_tris(); 
012E:  BCF    F94.1
....................   #endif 
....................  
....................    lcd_output_rs(0); 
0130:  BCF    F8B.3
0132:  BCF    F94.3
....................    while ( bit_test(lcd_read_byte(),7) ) ; 
0134:  BRA    00DE
0136:  MOVFF  01,0E
013A:  BTFSC  01.7
013C:  BRA    0134
....................    lcd_output_rs(address); 
013E:  MOVF   0C,F
0140:  BNZ   0146
0142:  BCF    F8B.3
0144:  BRA    0148
0146:  BSF    F8B.3
0148:  BCF    F94.3
....................    delay_cycles(1); 
014A:  NOP   
....................    lcd_output_rw(0); 
014C:  BCF    F8B.1
014E:  BCF    F94.1
....................    delay_cycles(1); 
0150:  NOP   
....................    lcd_output_enable(0); 
0152:  BCF    F8B.0
0154:  BCF    F94.0
....................    lcd_send_nibble(n >> 4); 
0156:  SWAPF  0D,W
0158:  MOVWF  0E
015A:  MOVLW  0F
015C:  ANDWF  0E,F
015E:  MOVFF  0E,0F
0162:  RCALL  004A
....................    lcd_send_nibble(n & 0xf); 
0164:  MOVF   0D,W
0166:  ANDLW  0F
0168:  MOVWF  0E
016A:  MOVWF  0F
016C:  RCALL  004A
.................... } 
016E:  RETURN 0
....................  
.................... #if defined(LCD_EXTENDED_NEWLINE) 
.................... unsigned int8 g_LcdX, g_LcdY; 
.................... #endif 
....................  
.................... void lcd_init(void)  
.................... { 
....................    unsigned int8 i; 
....................  
....................  #if defined(__PCB__) 
....................    set_tris_lcd(LCD_OUTPUT_MAP); 
....................  #else 
....................   #if (defined(LCD_DATA4) && defined(LCD_DATA5) && defined(LCD_DATA6) && defined(LCD_DATA7)) 
....................    output_drive(LCD_DATA4); 
0170:  BCF    F94.4
....................    output_drive(LCD_DATA5); 
0172:  BCF    F94.5
....................    output_drive(LCD_DATA6); 
0174:  BCF    F94.6
....................    output_drive(LCD_DATA7); 
0176:  BCF    F94.7
....................   #else 
....................    lcdtris.data = 0x0; 
....................   #endif 
....................    lcd_enable_tris(); 
0178:  BCF    F94.0
....................    lcd_rs_tris(); 
017A:  BCF    F94.3
....................    lcd_rw_tris(); 
017C:  BCF    F94.1
....................  #endif 
....................  
....................    lcd_output_rs(0); 
017E:  BCF    F8B.3
0180:  BCF    F94.3
....................    lcd_output_rw(0); 
0182:  BCF    F8B.1
0184:  BCF    F94.1
....................    lcd_output_enable(0); 
0186:  BCF    F8B.0
0188:  BCF    F94.0
....................      
....................    delay_ms(15); 
018A:  MOVLW  0F
018C:  MOVWF  08
018E:  RCALL  0022
....................    for(i=1;i<=3;++i) 
0190:  MOVLW  01
0192:  MOVWF  05
0194:  MOVF   05,W
0196:  SUBLW  03
0198:  BNC   01AA
....................    { 
....................        lcd_send_nibble(3); 
019A:  MOVLW  03
019C:  MOVWF  0F
019E:  RCALL  004A
....................        delay_ms(5); 
01A0:  MOVLW  05
01A2:  MOVWF  08
01A4:  RCALL  0022
....................    } 
01A6:  INCF   05,F
01A8:  BRA    0194
....................     
....................    lcd_send_nibble(2); 
01AA:  MOVLW  02
01AC:  MOVWF  0F
01AE:  RCALL  004A
....................    delay_ms(5); 
01B0:  MOVLW  05
01B2:  MOVWF  08
01B4:  RCALL  0022
....................    for(i=0;i<=3;++i) 
01B6:  CLRF   05
01B8:  MOVF   05,W
01BA:  SUBLW  03
01BC:  BNC   01D0
....................       lcd_send_byte(0,LCD_INIT_STRING[i]); 
01BE:  CLRF   03
01C0:  MOVF   05,W
01C2:  RCALL  0004
01C4:  MOVWF  06
01C6:  CLRF   0C
01C8:  MOVWF  0D
01CA:  RCALL  012A
....................  
....................   #if defined(LCD_EXTENDED_NEWLINE) 
01CC:  INCF   05,F
01CE:  BRA    01B8
....................    g_LcdX = 0; 
....................    g_LcdY = 0; 
....................   #endif 
.................... } 
01D0:  GOTO   02B4 (RETURN)
....................  
.................... void lcd_gotoxy(unsigned int8 x, unsigned int8 y) 
.................... { 
....................    unsigned int8 address; 
....................     
....................    if(y!=1) 
01D4:  DECFSZ 09,W
01D6:  BRA    01DA
01D8:  BRA    01E0
....................       address=LCD_LINE_TWO; 
01DA:  MOVLW  40
01DC:  MOVWF  0A
....................    else 
01DE:  BRA    01E2
....................       address=0; 
01E0:  CLRF   0A
....................       
....................    address+=x-1; 
01E2:  MOVLW  01
01E4:  SUBWF  08,W
01E6:  ADDWF  0A,F
....................    lcd_send_byte(0,0x80|address); 
01E8:  MOVF   0A,W
01EA:  IORLW  80
01EC:  MOVWF  0B
01EE:  CLRF   0C
01F0:  MOVWF  0D
01F2:  RCALL  012A
....................  
....................   #if defined(LCD_EXTENDED_NEWLINE) 
....................    g_LcdX = x - 1; 
....................    g_LcdY = y - 1; 
....................   #endif 
.................... } 
01F4:  RETURN 0
....................  
.................... void lcd_putc(char c) 
.................... { 
....................    switch (c) 
....................    { 
01F6:  MOVF   07,W
01F8:  XORLW  07
01FA:  BZ    020A
01FC:  XORLW  0B
01FE:  BZ    0214
0200:  XORLW  06
0202:  BZ    0224
0204:  XORLW  02
0206:  BZ    0230
0208:  BRA    023A
....................       case '\a'   :  lcd_gotoxy(1,1);     break; 
020A:  MOVLW  01
020C:  MOVWF  08
020E:  MOVWF  09
0210:  RCALL  01D4
0212:  BRA    0244
....................  
....................       case '\f'   :  lcd_send_byte(0,1); 
0214:  CLRF   0C
0216:  MOVLW  01
0218:  MOVWF  0D
021A:  RCALL  012A
....................                      delay_ms(2); 
021C:  MOVLW  02
021E:  MOVWF  08
0220:  RCALL  0022
....................                     #if defined(LCD_EXTENDED_NEWLINE) 
....................                      g_LcdX = 0; 
....................                      g_LcdY = 0; 
....................                     #endif 
....................                      break; 
0222:  BRA    0244
....................  
....................      #if defined(LCD_EXTENDED_NEWLINE) 
....................       case '\r'   :  lcd_gotoxy(1, g_LcdY+1);   break; 
....................       case '\n'   : 
....................          while (g_LcdX++ < LCD_LINE_LENGTH) 
....................          { 
....................             lcd_send_byte(1, ' '); 
....................          } 
....................          lcd_gotoxy(1, g_LcdY+2); 
....................          break; 
....................      #else 
....................       case '\n'   : lcd_gotoxy(1,2);        break; 
0224:  MOVLW  01
0226:  MOVWF  08
0228:  MOVLW  02
022A:  MOVWF  09
022C:  RCALL  01D4
022E:  BRA    0244
....................      #endif 
....................       
....................       case '\b'   : lcd_send_byte(0,0x10);  break; 
0230:  CLRF   0C
0232:  MOVLW  10
0234:  MOVWF  0D
0236:  RCALL  012A
0238:  BRA    0244
....................       
....................      #if defined(LCD_EXTENDED_NEWLINE) 
....................       default     :  
....................          if (g_LcdX < LCD_LINE_LENGTH) 
....................          { 
....................             lcd_send_byte(1, c); 
....................             g_LcdX++; 
....................          } 
....................          break; 
....................      #else 
....................       default     : lcd_send_byte(1,c);     break; 
023A:  MOVLW  01
023C:  MOVWF  0C
023E:  MOVFF  07,0D
0242:  RCALL  012A
....................      #endif 
....................    } 
.................... } 
0244:  GOTO   025C (RETURN)
....................   
.................... char lcd_getc(unsigned int8 x, unsigned int8 y) 
.................... { 
....................    char value; 
....................  
....................    lcd_gotoxy(x,y); 
....................    while ( bit_test(lcd_read_byte(),7) ); // wait until busy flag is low 
....................    lcd_output_rs(1); 
....................    value = lcd_read_byte(); 
....................    lcd_output_rs(0); 
....................     
....................    return(value); 
.................... } 
....................  
.................... // write a custom character to the ram 
.................... // which is 0-7 and specifies which character array we are modifying. 
.................... // ptr points to an array of 8 bytes, where each byte is the next row of 
.................... //    pixels.  only bits 0-4 are used.  the last row is the cursor row, and 
.................... //    usually you will want to leave this byte 0x00. 
.................... void lcd_set_cgram_char(unsigned int8 which, unsigned int8 *ptr) 
.................... { 
....................    unsigned int i; 
....................  
....................    which <<= 3; 
....................    which &= 0x38; 
....................  
....................    lcd_send_byte(0, 0x40 | which);  //set cgram address 
....................  
....................    for(i=0; i<8; i++) 
....................    { 
....................       lcd_send_byte(1, *ptr++); 
....................    } 
....................    
....................    #if defined(LCD_EXTENDED_NEWLINE) 
....................     lcd_gotoxy(g_LcdX+1, g_LcdY+1);  //set ddram address 
....................    #endif 
.................... } 
....................  
.................... void lcd_cursor_on(int1 on) 
.................... { 
....................    if (on) 
....................    { 
....................       lcd_send_byte(0,0x0F);           //turn LCD cursor ON 
....................    } 
....................    else 
....................    { 
....................       lcd_send_byte(0,0x0C);           //turn LCD cursor OFF 
....................    } 
.................... } 
....................  
.................... #endif 
....................  
.................... void hutbui(); 
....................  
.................... void main() 
.................... { 
*
029E:  CLRF   FF8
02A0:  BCF    FD0.7
02A2:  CLRF   FEA
02A4:  CLRF   FE9
02A6:  MOVF   FC1,W
02A8:  ANDLW  C0
02AA:  IORLW  0F
02AC:  MOVWF  FC1
02AE:  MOVLW  07
02B0:  MOVWF  FB4
....................    lcd_init(); 
02B2:  BRA    0170
....................    output_low(PIN_B4); 
02B4:  BCF    F93.4
02B6:  BCF    F8A.4
....................    output_low(PIN_B5); 
02B8:  BCF    F93.5
02BA:  BCF    F8A.5
....................  
....................    while(TRUE) 
....................    { 
....................       hutbui(); 
02BC:  BRA    0268
....................    } 
02BE:  BRA    02BC
....................  
.................... } 
.................... void hutbui() 
.................... {  
02C0:  SLEEP 
....................    
....................   if(input(PIN_A5)==1)  
*
0268:  BSF    F92.5
026A:  BTFSS  F80.5
026C:  BRA    0288
....................    { 
....................      output_high(PIN_B4); 
026E:  BCF    F93.4
0270:  BSF    F8A.4
....................      output_high(PIN_B5); 
0272:  BCF    F93.5
0274:  BSF    F8A.5
....................      lcd_putc("hut bui"); delay_ms(10); 
0276:  MOVLW  18
0278:  MOVWF  FF6
027A:  MOVLW  00
027C:  MOVWF  FF7
027E:  RCALL  0248
0280:  MOVLW  0A
0282:  MOVWF  08
0284:  RCALL  0022
....................    } 
....................    else  
0286:  BRA    029A
....................     { 
....................       output_low(PIN_B4); 
0288:  BCF    F93.4
028A:  BCF    F8A.4
....................       output_low(PIN_B5); 
028C:  BCF    F93.5
028E:  BCF    F8A.5
....................       lcd_putc("\f"); 
0290:  MOVLW  20
0292:  MOVWF  FF6
0294:  MOVLW  00
0296:  MOVWF  FF7
0298:  RCALL  0248
....................     } 
.................... } 
029A:  GOTO   02BE (RETURN)

Configuration Fuses:
   Word  1: C200   HS FCMEN IESO
   Word  2: 0E18   PUT NOBROWNOUT BORV21 NOWDT WDT128
   Word  3: 8700   CCP2C1 PBADEN LPT1OSC MCLR
   Word  4: 0081   STVREN NOLVP NOXINST NODEBUG
   Word  5: C00F   NOPROTECT NOCPB NOCPD
   Word  6: E00F   NOWRT NOWRTC NOWRTB NOWRTD
   Word  7: 400F   NOEBTR NOEBTRB
