
ROM used:   2660 (8%)
            2660 (8%) including unused fragments

            3 Average locations per line
            16 Average locations per statement

RAM used:   31 (2%) at main() level
            62 (4%) worst case

Stack used: 9/31 worst case (7 in main + 2 for interrupts)

Lines Stmts  %   Files
----- ----- ---  -----
   90    60  36  main.c
   14     0   0  main.h
  467     0   0  ..\..\..\..\Program Files (x86)\PICC\devices\18F4520.h
  456   106  64  ..\..\..\..\Program Files (x86)\PICC\drivers\lcd.c
----- -----
 1027   166 Total

Page ROM  %  RAM   Vol Diff  Functions:
---- --- --- ---   --- ----  ----------
0     40   1   1             @delay_ms1
0     98   2   0    75  2.5  tang
0    618  12  16             @ADDFF
0    118   2  10             @FLT
0    110   2   0    84  1.6  giam
0     20   0   0             @const83
0     76   1   3   760  4.5  lcd_read_byte
0     82   2   2   262  3.7  lcd_read_nibble
0     66   1   1   399  2.4  lcd_send_nibble
0     70   1   3   415  3.7  lcd_send_byte
0    100   2   2   704  5.0  lcd_init
0     34   1   4   208  6.3  lcd_gotoxy
0     82   2   1   354  4.7  lcd_putc
0    166   3   0   516  2.8  MAIN
0     18   0   0             @const119
0     32   1   2             @PSTRINGC_102
0     14   0   0             @const121
0     18   0   0             @const122
0     16   0   0             @const123
0     14   0   0             @const124
0    204   4   1   735  2.8  dongco
0      6   0   0             @const125
0      2   0   0             @const126
0      4   0   0             @const127
0      2   0   0             @const128
0      6   0   0             @const129
0      2   0   0             @const130
0      6   0   0             @const131
0      2   0   0             @const132
0      2   0   0             @const133
0      6   0   0             @const134
0      2   0   0             @const135
0    142   3   4    52  1.9  PWM
0    242   5  11             @MULFF
0     58   1   4             @SFTOI
 Inline        0             @cinit1

Program metrics:
    Functions               12
    Statements              166
    Comments                214
    Volume (V)              7353
    Difficulty (D)          40.5
    Effort to implement (E) 297806
    Time to implement (T)   4 hours, 36 minutes
    Est Delivered Bugs (B)  1
    Cyclomatic Complexity   14
    Maintainability (MI)    108

 Segment     Used  Free
-----------  ----  ----
00000-00002     4  0  
00004-00006     0  4  
00008-000B8   178  0  
000BA-07FFE  2478  30104  



