
ROM used:   3432 (10%)
            3432 (10%) including unused fragments

            3 Average locations per line
            23 Average locations per statement

RAM used:   33 (2%) at main() level
            75 (5%) worst case

Stack used: 8/31 worst case (6 in main + 2 for interrupts)

Lines Stmts  %   Files
----- ----- ---  -----
   90    47  32  main.c
   14     0   0  main.h
  467     0   0  ..\..\..\..\Program Files\PICC\devices\18F4520.h
  456   100  68  ..\..\..\..\Program Files\PICC\drivers\lcd.c
----- -----
 1027   147 Total

Page ROM  %  RAM   Vol Diff  Functions:
---- --- --- ---   --- ----  ----------
0     40   1   1             @delay_ms1
0     20   0   0     5  1.0  @const73
0     76   1   3   760  4.5  lcd_read_byte
0     82   1   2   262  3.7  lcd_read_nibble
0     66   1   1   399  2.4  lcd_send_nibble
0     70   1   3   415  3.7  lcd_send_byte
0    100   1   2   704  5.0  lcd_init
0     34   0   4   208  6.3  lcd_gotoxy
0     80   1   1   354  4.7  lcd_putc
0     66   1   0    56  1.6  TIMER1_isr
0    618   9  16    63  1.3  @ADDFF
0     84   1   0    63  1.3  EXT2_isr
0     56   1   2             @ITOF
0    206   3   0   502  4.6  MAIN
0     16   0   0             @const118
0     32   0   2             @PSTRINGC_92
0      2   0   0             @const120
0    118   2  10             @FLT
0      2   0   0             @const124
0     14   0   0   149  2.2  @const125
0      2   0   0   290  4.6  @const126
0     18   0   0   149  2.2  @const127
0     32   0   3   290  4.6  @PSTRINGCN_92
0    244   4  11             @MULFF
0     64   1   5             @FTOSD
0    142   2  13             @DIV3232
0    378   6  13             @PRINTF_L32D_92FPFPF
0     42   1   0   149  2.2  start
0    200   3   8   265  4.6  kc
0    346   5  14             @DIVFF
 Inline        0             @cinit1

Program metrics:
    Functions               18
    Statements              147
    Comments                207
    Volume (V)              8827
    Difficulty (D)          59.2
    Effort to implement (E) 522395
    Time to implement (T)   8 hours, 4 minutes
    Est Delivered Bugs (B)  2
    Cyclomatic Complexity   12
    Maintainability (MI)    62

 Segment     Used  Free
-----------  ----  ----
00000-00002     4  0  
00004-00006     0  4  
00008-000B8   178  0  
000BA-07FFE  3250  29332  



