
ROM used:   3672 (11%)
            3672 (11%) including unused fragments

            3 Average locations per line
            18 Average locations per statement

RAM used:   38 (2%) at main() level
            79 (5%) worst case

Stack used: 10/31 worst case (8 in main + 2 for interrupts)

Lines Stmts  %   Files
----- ----- ---  -----
  185   120  59  main.c
   14     0   0  main.h
  467     0   0  ..\..\..\..\..\..\Program Files\PICC\devices\18F4520.h
  456    84  41  ..\..\..\..\..\..\Program Files\PICC\drivers\lcd.c
----- -----
 1122   204 Total

Page ROM  %  RAM   Vol Diff  Functions:
---- --- --- ---   --- ----  ----------
0     40   1   1             @delay_ms1
0     64   1   3   596  5.9  lcd_read_byte
0     12   0   0    59  4.2  lcd_read_nibble
0     28   0   1   179  3.3  lcd_send_nibble
0     58   1   3   460  4.7  lcd_send_byte
0     34   0   4   208  6.3  lcd_gotoxy
0     80   1   1   354  4.7  lcd_putc
0     98   1   0    74  2.8  giam
0    618   8  16             @ADDFF
0    118   2  10             @FLT
0     98   1   0    75  2.5  tang
0    312   4   1   699  3.8  MAIN
0     18   0   0             @const131
0     32   0   2             @PSTRINGC_94
0     14   0   0             @const133
0     18   0   0             @const134
0     16   0   0             @const135
0     14   0   0             @const136
0      2   0   0             @const137
0     16   0   0             @const138
0     30   0   3             @PSTRINGCN_94
0    242   3  11             @MULFF
0     64   1   5             @FTOSD
0    142   2  13             @DIV3232
0    376   5  13             @PRINTF_L32D_94FPFPF
0     10   0   0             @const152
0     56   1   1   165  2.5  hutbui
0      2   0   0             @const153
0      8   0   0             @const154
0      2   0   0             @const155
0     74   1   0    47  1.8  nhietdo
0     56   1   2             @ITOF
0    140   2   4    52  1.9  PWM
0     58   1   4             @SFTOI
0     18   0   0    33  0.9  tien
0     14   0   0             @const160
0     20   0   0    33  0.9  lui
0     12   0   0             @const161
0     18   0   0    33  0.9  trai
0     10   0   0             @const162
0     18   0   0    33  0.9  phai
0     10   0   0             @const163
0     16   0   0    33  0.9  dung
0     14   0   0             @const164
0    154   2   3   913  3.9  dongco
0    236   3   1   783  3.4  tudong
 Inline        0             @cinit1

Program metrics:
    Functions               19
    Statements              204
    Comments                213
    Volume (V)              8214
    Difficulty (D)          53.6
    Effort to implement (E) 439862
    Time to implement (T)   6 hours, 47 minutes
    Est Delivered Bugs (B)  2
    Cyclomatic Complexity   17
    Maintainability (MI)    56

 Segment     Used  Free
-----------  ----  ----
00000-00002     4  0  
00004-00006     0  4  
00008-000B8   178  0  
000BA-07FFE  3490  29092  



